<?xml version="1.0" encoding="UTF-8"?>
<testsuite name="com.employee.empdepservice.EmpDepServiceApplicationTests" tests="1" skipped="0" failures="0" errors="0" timestamp="2019-05-07T03:07:05" hostname="C02XR4QDJG5MMBP" time="0.171">
  <properties/>
  <testcase name="contextLoads" classname="com.employee.empdepservice.EmpDepServiceApplicationTests" time="0.171"/>
  <system-out><![CDATA[23:07:03.806 [Test worker] DEBUG org.springframework.test.context.junit4.SpringJUnit4ClassRunner - SpringJUnit4ClassRunner constructor called with [class com.employee.empdepservice.EmpDepServiceApplicationTests]
23:07:03.812 [Test worker] DEBUG org.springframework.test.context.BootstrapUtils - Instantiating CacheAwareContextLoaderDelegate from class [org.springframework.test.context.cache.DefaultCacheAwareContextLoaderDelegate]
23:07:03.819 [Test worker] DEBUG org.springframework.test.context.BootstrapUtils - Instantiating BootstrapContext using constructor [public org.springframework.test.context.support.DefaultBootstrapContext(java.lang.Class,org.springframework.test.context.CacheAwareContextLoaderDelegate)]
23:07:03.834 [Test worker] DEBUG org.springframework.test.context.BootstrapUtils - Instantiating TestContextBootstrapper for test class [com.employee.empdepservice.EmpDepServiceApplicationTests] from class [org.springframework.boot.test.context.SpringBootTestContextBootstrapper]
23:07:03.843 [Test worker] INFO org.springframework.boot.test.context.SpringBootTestContextBootstrapper - Neither @ContextConfiguration nor @ContextHierarchy found for test class [com.employee.empdepservice.EmpDepServiceApplicationTests], using SpringBootContextLoader
23:07:03.845 [Test worker] DEBUG org.springframework.test.context.support.AbstractContextLoader - Did not detect default resource location for test class [com.employee.empdepservice.EmpDepServiceApplicationTests]: class path resource [com/employee/empdepservice/EmpDepServiceApplicationTests-context.xml] does not exist
23:07:03.845 [Test worker] DEBUG org.springframework.test.context.support.AbstractContextLoader - Did not detect default resource location for test class [com.employee.empdepservice.EmpDepServiceApplicationTests]: class path resource [com/employee/empdepservice/EmpDepServiceApplicationTestsContext.groovy] does not exist
23:07:03.845 [Test worker] INFO org.springframework.test.context.support.AbstractContextLoader - Could not detect default resource locations for test class [com.employee.empdepservice.EmpDepServiceApplicationTests]: no resource found for suffixes {-context.xml, Context.groovy}.
23:07:03.846 [Test worker] INFO org.springframework.test.context.support.AnnotationConfigContextLoaderUtils - Could not detect default configuration classes for test class [com.employee.empdepservice.EmpDepServiceApplicationTests]: EmpDepServiceApplicationTests does not declare any static, non-private, non-final, nested classes annotated with @Configuration.
23:07:03.875 [Test worker] DEBUG org.springframework.test.context.support.ActiveProfilesUtils - Could not find an 'annotation declaring class' for annotation type [org.springframework.test.context.ActiveProfiles] and class [com.employee.empdepservice.EmpDepServiceApplicationTests]
23:07:03.929 [Test worker] DEBUG org.springframework.context.annotation.ClassPathScanningCandidateComponentProvider - Identified candidate component class: file [/Users/sxg6wo7/Documents/personal/learning/workspace1/emp-dep-service/build/classes/java/main/com/employee/empdepservice/EmpDepServiceApplication.class]
23:07:03.930 [Test worker] INFO org.springframework.boot.test.context.SpringBootTestContextBootstrapper - Found @SpringBootConfiguration com.employee.empdepservice.EmpDepServiceApplication for test class com.employee.empdepservice.EmpDepServiceApplicationTests
23:07:04.014 [Test worker] DEBUG org.springframework.boot.test.context.SpringBootTestContextBootstrapper - @TestExecutionListeners is not present for class [com.employee.empdepservice.EmpDepServiceApplicationTests]: using defaults.
23:07:04.015 [Test worker] INFO org.springframework.boot.test.context.SpringBootTestContextBootstrapper - Loaded default TestExecutionListener class names from location [META-INF/spring.factories]: [org.springframework.boot.test.autoconfigure.restdocs.RestDocsTestExecutionListener, org.springframework.boot.test.autoconfigure.web.client.MockRestServiceServerResetTestExecutionListener, org.springframework.boot.test.autoconfigure.web.servlet.MockMvcPrintOnlyOnFailureTestExecutionListener, org.springframework.boot.test.autoconfigure.web.servlet.WebDriverTestExecutionListener, org.springframework.boot.test.mock.mockito.MockitoTestExecutionListener, org.springframework.boot.test.mock.mockito.ResetMocksTestExecutionListener, org.springframework.test.context.web.ServletTestExecutionListener, org.springframework.test.context.support.DirtiesContextBeforeModesTestExecutionListener, org.springframework.test.context.support.DependencyInjectionTestExecutionListener, org.springframework.test.context.support.DirtiesContextTestExecutionListener, org.springframework.test.context.transaction.TransactionalTestExecutionListener, org.springframework.test.context.jdbc.SqlScriptsTestExecutionListener]
23:07:04.024 [Test worker] DEBUG org.springframework.boot.test.context.SpringBootTestContextBootstrapper - Skipping candidate TestExecutionListener [org.springframework.test.context.transaction.TransactionalTestExecutionListener] due to a missing dependency. Specify custom listener classes or make the default listener classes and their required dependencies available. Offending class: [org/springframework/transaction/interceptor/TransactionAttributeSource]
23:07:04.025 [Test worker] DEBUG org.springframework.boot.test.context.SpringBootTestContextBootstrapper - Skipping candidate TestExecutionListener [org.springframework.test.context.jdbc.SqlScriptsTestExecutionListener] due to a missing dependency. Specify custom listener classes or make the default listener classes and their required dependencies available. Offending class: [org/springframework/transaction/interceptor/TransactionAttribute]
23:07:04.025 [Test worker] INFO org.springframework.boot.test.context.SpringBootTestContextBootstrapper - Using TestExecutionListeners: [org.springframework.test.context.web.ServletTestExecutionListener@29ad1d29, org.springframework.test.context.support.DirtiesContextBeforeModesTestExecutionListener@627cd6f3, org.springframework.boot.test.mock.mockito.MockitoTestExecutionListener@4e0bd33e, org.springframework.boot.test.autoconfigure.SpringBootDependencyInjectionTestExecutionListener@313a2c8, org.springframework.test.context.support.DirtiesContextTestExecutionListener@4296b3d6, org.springframework.boot.test.autoconfigure.restdocs.RestDocsTestExecutionListener@46d92e39, org.springframework.boot.test.autoconfigure.web.client.MockRestServiceServerResetTestExecutionListener@565b97ff, org.springframework.boot.test.autoconfigure.web.servlet.MockMvcPrintOnlyOnFailureTestExecutionListener@48c07a1e, org.springframework.boot.test.autoconfigure.web.servlet.WebDriverTestExecutionListener@3fbf68d3, org.springframework.boot.test.mock.mockito.ResetMocksTestExecutionListener@309831fb]
23:07:04.027 [Test worker] DEBUG org.springframework.test.annotation.ProfileValueUtils - Retrieved @ProfileValueSourceConfiguration [null] for test class [com.employee.empdepservice.EmpDepServiceApplicationTests]
23:07:04.028 [Test worker] DEBUG org.springframework.test.annotation.ProfileValueUtils - Retrieved ProfileValueSource type [class org.springframework.test.annotation.SystemProfileValueSource] for class [com.employee.empdepservice.EmpDepServiceApplicationTests]
23:07:04.028 [Test worker] DEBUG org.springframework.test.annotation.ProfileValueUtils - Retrieved @ProfileValueSourceConfiguration [null] for test class [com.employee.empdepservice.EmpDepServiceApplicationTests]
23:07:04.028 [Test worker] DEBUG org.springframework.test.annotation.ProfileValueUtils - Retrieved ProfileValueSource type [class org.springframework.test.annotation.SystemProfileValueSource] for class [com.employee.empdepservice.EmpDepServiceApplicationTests]
23:07:04.032 [Test worker] DEBUG org.springframework.test.context.support.AbstractDirtiesContextTestExecutionListener - Before test class: context [DefaultTestContext@15e3e66f testClass = EmpDepServiceApplicationTests, testInstance = [null], testMethod = [null], testException = [null], mergedContextConfiguration = [WebMergedContextConfiguration@27949193 testClass = EmpDepServiceApplicationTests, locations = '{}', classes = '{class com.employee.empdepservice.EmpDepServiceApplication}', contextInitializerClasses = '[]', activeProfiles = '{}', propertySourceLocations = '{}', propertySourceProperties = '{org.springframework.boot.test.context.SpringBootTestContextBootstrapper=true}', contextCustomizers = set[org.springframework.boot.test.autoconfigure.properties.PropertyMappingContextCustomizer@0, org.springframework.boot.test.autoconfigure.web.servlet.WebDriverContextCustomizerFactory$Customizer@1d2c2c56, org.springframework.boot.test.context.filter.ExcludeFilterContextCustomizer@144f9b49, org.springframework.boot.test.json.DuplicateJsonObjectContextCustomizerFactory$DuplicateJsonObjectContextCustomizer@e1ffc4, org.springframework.boot.test.mock.mockito.MockitoContextCustomizer@0, org.springframework.boot.test.web.client.TestRestTemplateContextCustomizer@206ec6a7], resourceBasePath = 'src/main/webapp', contextLoader = 'org.springframework.boot.test.context.SpringBootContextLoader', parent = [null]], attributes = map['org.springframework.test.context.web.ServletTestExecutionListener.activateListener' -> true]], class annotated with @DirtiesContext [false] with mode [null].
23:07:04.033 [Test worker] DEBUG org.springframework.test.annotation.ProfileValueUtils - Retrieved @ProfileValueSourceConfiguration [null] for test class [com.employee.empdepservice.EmpDepServiceApplicationTests]
23:07:04.033 [Test worker] DEBUG org.springframework.test.annotation.ProfileValueUtils - Retrieved ProfileValueSource type [class org.springframework.test.annotation.SystemProfileValueSource] for class [com.employee.empdepservice.EmpDepServiceApplicationTests]
23:07:04.054 [Test worker] DEBUG org.springframework.test.context.support.TestPropertySourceUtils - Adding inlined properties to environment: {spring.jmx.enabled=false, org.springframework.boot.test.context.SpringBootTestContextBootstrapper=true, server.port=-1}

  .   ____          _            __ _ _
 /\\ / ___'_ __ _ _(_)_ __  __ _ \ \ \ \
( ( )\___ | '_ | '_| | '_ \/ _` | \ \ \ \
 \\/  ___)| |_)| | | | | || (_| |  ) ) ) )
  '  |____| .__|_| |_|_| |_\__, | / / / /
 =========|_|==============|___/=/_/_/_/
 :: Spring Boot ::        (v2.1.4.RELEASE)

2019-05-06 23:07:04.242  INFO 41494 --- [    Test worker] c.e.e.EmpDepServiceApplicationTests      : Starting EmpDepServiceApplicationTests on C02XR4QDJG5MMBP with PID 41494 (started by sxg6wo7 in /Users/sxg6wo7/Documents/personal/learning/workspace1/emp-dep-service)
2019-05-06 23:07:04.243  INFO 41494 --- [    Test worker] c.e.e.EmpDepServiceApplicationTests      : No active profile set, falling back to default profiles: default
2019-05-06 23:07:05.319  INFO 41494 --- [    Test worker] o.s.s.concurrent.ThreadPoolTaskExecutor  : Initializing ExecutorService 'applicationTaskExecutor'
2019-05-06 23:07:05.521  INFO 41494 --- [    Test worker] c.e.e.EmpDepServiceApplicationTests      : Started EmpDepServiceApplicationTests in 1.46 seconds (JVM running for 2.212)
]]></system-out>
  <system-err><![CDATA[]]></system-err>
</testsuite>
